5214426014401:ENCOLADO ans_94d91946-a447-47d0-a4e6-90a1de6717f3
EJECUTANDO:ans_94d91946-a447-47d0-a4e6-90a1de6717f3
5214426014401:SUCCESS
5214426014401:ENCOLADO ans_85227c68-ebdf-4fb1-a703-2fe8d4ae9091
EJECUTANDO:ans_85227c68-ebdf-4fb1-a703-2fe8d4ae9091
5214426014401:SUCCESS
5214428192434:ENCOLADO ans_94d91946-a447-47d0-a4e6-90a1de6717f3
EJECUTANDO:ans_94d91946-a447-47d0-a4e6-90a1de6717f3
5214428192434:SUCCESS
5214428192434:ENCOLADO ans_85227c68-ebdf-4fb1-a703-2fe8d4ae9091
EJECUTANDO:ans_85227c68-ebdf-4fb1-a703-2fe8d4ae9091
5214428192434:SUCCESS
5214428192434:ENCOLADO ans_94d91946-a447-47d0-a4e6-90a1de6717f3
EJECUTANDO:ans_94d91946-a447-47d0-a4e6-90a1de6717f3
5214428192434:SUCCESS
5214428192434:ENCOLADO ans_85227c68-ebdf-4fb1-a703-2fe8d4ae9091
EJECUTANDO:ans_85227c68-ebdf-4fb1-a703-2fe8d4ae9091
5214428192434:SUCCESS
5214428192434:ENCOLADO ans_94d91946-a447-47d0-a4e6-90a1de6717f3
EJECUTANDO:ans_94d91946-a447-47d0-a4e6-90a1de6717f3
5214428192434:SUCCESS
5214428192434:ENCOLADO ans_85227c68-ebdf-4fb1-a703-2fe8d4ae9091
EJECUTANDO:ans_85227c68-ebdf-4fb1-a703-2fe8d4ae9091
5214428192434:SUCCESS
5214428192434:ENCOLADO ans_94d91946-a447-47d0-a4e6-90a1de6717f3
EJECUTANDO:ans_94d91946-a447-47d0-a4e6-90a1de6717f3
5214428192434:SUCCESS
5214428192434:ENCOLADO ans_85227c68-ebdf-4fb1-a703-2fe8d4ae9091
EJECUTANDO:ans_85227c68-ebdf-4fb1-a703-2fe8d4ae9091
5214428192434:SUCCESS
5214428192434:ENCOLADO ans_94d91946-a447-47d0-a4e6-90a1de6717f3
EJECUTANDO:ans_94d91946-a447-47d0-a4e6-90a1de6717f3
5214428192434:SUCCESS
5214428192434:ENCOLADO ans_85227c68-ebdf-4fb1-a703-2fe8d4ae9091
EJECUTANDO:ans_85227c68-ebdf-4fb1-a703-2fe8d4ae9091
5214428192434:SUCCESS
5214428192434:ENCOLADO ans_a2333ffa-c90d-4e0d-b89c-45cbf6f2d7d6
EJECUTANDO:ans_a2333ffa-c90d-4e0d-b89c-45cbf6f2d7d6
5214428192434:SUCCESS
